[2026-02-16T07:25:37.663+0000] {taskinstance.py:1956} INFO - Dependencies all met for dep_context=non-requeueable deps ti=<TaskInstance: vnexpress_etl_taskflow.validate_rss_list manual__2026-02-16T06:49:04.928306+00:00 [queued]>
[2026-02-16T07:25:37.671+0000] {taskinstance.py:1956} INFO - Dependencies all met for dep_context=requeueable deps ti=<TaskInstance: vnexpress_etl_taskflow.validate_rss_list manual__2026-02-16T06:49:04.928306+00:00 [queued]>
[2026-02-16T07:25:37.671+0000] {taskinstance.py:2170} INFO - Starting attempt 3 of 3
[2026-02-16T07:25:37.683+0000] {taskinstance.py:2191} INFO - Executing <Task(_PythonDecoratedOperator): validate_rss_list> on 2026-02-16 06:49:04.928306+00:00
[2026-02-16T07:25:37.688+0000] {standard_task_runner.py:60} INFO - Started process 675 to run task
[2026-02-16T07:25:37.691+0000] {standard_task_runner.py:87} INFO - Running: ['***', 'tasks', 'run', 'vnexpress_etl_taskflow', 'validate_rss_list', 'manual__2026-02-16T06:49:04.928306+00:00', '--job-id', '18', '--raw', '--subdir', 'DAGS_FOLDER/news-dag.py', '--cfg-path', '/tmp/tmpja0teik5']
[2026-02-16T07:25:37.695+0000] {standard_task_runner.py:88} INFO - Job 18: Subtask validate_rss_list
[2026-02-16T07:25:37.774+0000] {task_command.py:423} INFO - Running <TaskInstance: vnexpress_etl_taskflow.validate_rss_list manual__2026-02-16T06:49:04.928306+00:00 [running]> on host 2d5f8d9ac097
[2026-02-16T07:25:37.884+0000] {taskinstance.py:2480} INFO - Exporting env vars: AIRFLOW_CTX_DAG_OWNER='data_team' AIRFLOW_CTX_DAG_ID='vnexpress_etl_taskflow' AIRFLOW_CTX_TASK_ID='validate_rss_list' AIRFLOW_CTX_EXECUTION_DATE='2026-02-16T06:49:04.928306+00:00' AIRFLOW_CTX_TRY_NUMBER='3' AIRFLOW_CTX_DAG_RUN_ID='manual__2026-02-16T06:49:04.928306+00:00'
[2026-02-16T07:25:37.886+0000] {news-dag.py:137} INFO - ================================================================================
[2026-02-16T07:25:37.886+0000] {news-dag.py:138} INFO - TASK 2: Validating RSS List
[2026-02-16T07:25:37.887+0000] {news-dag.py:139} INFO - ================================================================================
[2026-02-16T07:25:37.888+0000] {short_memory_manager.py:73} INFO - FileStorage initialized at /tmp/***_task_storage
[2026-02-16T07:25:37.889+0000] {short_memory_manager.py:451} INFO - TaskStorageManager initialized with file backend
[2026-02-16T07:25:37.912+0000] {short_memory_manager.py:216} INFO - âœ… Loaded scrape_rss_list (parquet, 2773 bytes)
[2026-02-16T07:25:37.913+0000] {news-dag.py:144} INFO - ðŸ“‚ Loaded 19 feeds from storage
[2026-02-16T07:25:37.914+0000] {taskinstance.py:2698} ERROR - Task failed with exception
Traceback (most recent call last):
  File "/home/airflow/.local/lib/python3.11/site-packages/airflow/models/taskinstance.py", line 428, in _execute_task
    result = execute_callable(context=context, **execute_callable_kwargs)
             ^^^^^^^^^^^^^^^^^^^^^^^^^^^^^^^^^^^^^^^^^^^^^^^^^^^^^^^^^^^^
  File "/home/airflow/.local/lib/python3.11/site-packages/airflow/decorators/base.py", line 241, in execute
    return_value = super().execute(context)
                   ^^^^^^^^^^^^^^^^^^^^^^^^
  File "/home/airflow/.local/lib/python3.11/site-packages/airflow/operators/python.py", line 199, in execute
    return_value = self.execute_callable()
                   ^^^^^^^^^^^^^^^^^^^^^^^
  File "/home/airflow/.local/lib/python3.11/site-packages/airflow/operators/python.py", line 216, in execute_callable
    return self.python_callable(*self.op_args, **self.op_kwargs)
           ^^^^^^^^^^^^^^^^^^^^^^^^^^^^^^^^^^^^^^^^^^^^^^^^^^^^^
  File "/opt/airflow/dags/news-dag.py", line 151, in validate_rss_list
    if not item.get("category"):
           ^^^^^^^^
AttributeError: 'str' object has no attribute 'get'
[2026-02-16T07:25:37.932+0000] {taskinstance.py:1138} INFO - Marking task as FAILED. dag_id=vnexpress_etl_taskflow, task_id=validate_rss_list, execution_date=20260216T064904, start_date=20260216T072537, end_date=20260216T072537
[2026-02-16T07:25:37.947+0000] {standard_task_runner.py:107} ERROR - Failed to execute job 18 for task validate_rss_list ('str' object has no attribute 'get'; 675)
[2026-02-16T07:25:37.987+0000] {local_task_job_runner.py:234} INFO - Task exited with return code 1
[2026-02-16T07:25:38.013+0000] {taskinstance.py:3280} INFO - 0 downstream tasks scheduled from follow-on schedule check
